Using pre-set license
Built from '2022.3/staging' branch; Version is '2022.3.9f1 (ea401c316338) revision 15351836'; Using compiler version '192829333'; Build Type 'Release'
OS: 'Windows 11  (10.0.22621) 64bit Core' Language: 'ko' Physical Memory: 16103 MB
BatchMode: 1, IsHumanControllingUs: 0, StartBugReporterOnCrash: 0, Is64bit: 1, IsPro: 1

COMMAND LINE ARGUMENTS:
C:\Program Files\Unity\Hub\Editor\2022.3.9f1\Editor\Unity.exe
-adb2
-batchMode
-noUpm
-name
AssetImportWorker0
-projectPath
D:/Projects/Unity/영감이네호떡집/영감이네호떡집
-logFile
Logs/AssetImportWorker0.log
-srvPort
13159
Successfully changed project path to: D:/Projects/Unity/영감이네호떡집/영감이네호떡집
D:/Projects/Unity/영감이네호떡집/영감이네호떡집
[UnityMemory] Configuration Parameters - Can be set up in boot.config
    "memorysetup-bucket-allocator-granularity=16"
    "memorysetup-bucket-allocator-bucket-count=8"
    "memorysetup-bucket-allocator-block-size=33554432"
    "memorysetup-bucket-allocator-block-count=8"
    "memorysetup-main-allocator-block-size=16777216"
    "memorysetup-thread-allocator-block-size=16777216"
    "memorysetup-gfx-main-allocator-block-size=16777216"
    "memorysetup-gfx-thread-allocator-block-size=16777216"
    "memorysetup-cache-allocator-block-size=4194304"
    "memorysetup-typetree-allocator-block-size=2097152"
    "memorysetup-profiler-bucket-allocator-granularity=16"
    "memorysetup-profiler-bucket-allocator-bucket-count=8"
    "memorysetup-profiler-bucket-allocator-block-size=33554432"
    "memorysetup-profiler-bucket-allocator-block-count=8"
    "memorysetup-profiler-allocator-block-size=16777216"
    "memorysetup-profiler-editor-allocator-block-size=1048576"
    "memorysetup-temp-allocator-size-main=16777216"
    "memorysetup-job-temp-allocator-block-size=2097152"
    "memorysetup-job-temp-allocator-block-size-background=1048576"
    "memorysetup-job-temp-allocator-reduction-small-platforms=262144"
    "memorysetup-allocator-temp-initial-block-size-main=262144"
    "memorysetup-allocator-temp-initial-block-size-worker=262144"
    "memorysetup-temp-allocator-size-background-worker=32768"
    "memorysetup-temp-allocator-size-job-worker=262144"
    "memorysetup-temp-allocator-size-preload-manager=33554432"
    "memorysetup-temp-allocator-size-nav-mesh-worker=65536"
    "memorysetup-temp-allocator-size-audio-worker=65536"
    "memorysetup-temp-allocator-size-cloud-worker=32768"
    "memorysetup-temp-allocator-size-gi-baking-worker=262144"
    "memorysetup-temp-allocator-size-gfx=262144"
Player connection [4224] Host "[IP] 192.168.0.5 [Port] 0 [Flags] 2 [Guid] 559916588 [EditorId] 559916588 [Version] 1048832 [Id] WindowsEditor(7,DESKTOP-IJTCUB8) [Debug] 1 [PackageName] WindowsEditor [ProjectName] Editor" joined multi-casting on [225.0.0.222:54997]...

Player connection [4224] Host "[IP] 192.168.0.5 [Port] 0 [Flags] 2 [Guid] 559916588 [EditorId] 559916588 [Version] 1048832 [Id] WindowsEditor(7,DESKTOP-IJTCUB8) [Debug] 1 [PackageName] WindowsEditor [ProjectName] Editor" joined alternative multi-casting on [225.0.0.222:34997]...

[Physics::Module] Initialized MultithreadedJobDispatcher with 19 workers.
Refreshing native plugins compatible for Editor in 8.89 ms, found 4 plugins.
Preloading 0 native plugins for Editor in 0.00 ms.
Initialize engine version: 2022.3.9f1 (ea401c316338)
[Subsystems] Discovering subsystems at path C:/Program Files/Unity/Hub/Editor/2022.3.9f1/Editor/Data/Resources/UnitySubsystems
[Subsystems] Discovering subsystems at path D:/Projects/Unity/영감이네호떡집/영감이네호떡집/Assets
GfxDevice: creating device client; threaded=0; jobified=0
Direct3D:
    Version:  Direct3D 11.0 [level 11.1]
    Renderer: NVIDIA GeForce RTX 3060 (ID=0x2504)
    Vendor:   NVIDIA
    VRAM:     12129 MB
    Driver:   31.0.15.4601
Initialize mono
Mono path[0] = 'C:/Program Files/Unity/Hub/Editor/2022.3.9f1/Editor/Data/Managed'
Mono path[1] = 'C:/Program Files/Unity/Hub/Editor/2022.3.9f1/Editor/Data/MonoBleedingEdge/lib/mono/unityjit-win32'
Mono config path = 'C:/Program Files/Unity/Hub/Editor/2022.3.9f1/Editor/Data/MonoBleedingEdge/etc'
Using monoOptions --debugger-agent=transport=dt_socket,embedding=1,server=y,suspend=n,address=127.0.0.1:56496
Begin MonoManager ReloadAssembly
Registering precompiled unity dll's ...
Register platform support module: C:/Program Files/Unity/Hub/Editor/2022.3.9f1/Editor/Data/PlaybackEngines/WindowsStandaloneSupport/UnityEditor.WindowsStandalone.Extensions.dll
Registered in 0.006322 seconds.
- Loaded All Assemblies, in  0.274 seconds
Native extension for WindowsStandalone target not found
Mono: successfully reloaded assembly
- Finished resetting the current domain, in  0.196 seconds
Domain Reload Profiling: 467ms
	BeginReloadAssembly (93ms)
		ExecutionOrderSort (0ms)
		DisableScriptedObjects (0ms)
		BackupInstance (0ms)
		ReleaseScriptingObjects (0ms)
		CreateAndSetChildDomain (1ms)
	RebuildCommonClasses (25ms)
	RebuildNativeTypeToScriptingClass (7ms)
	initialDomainReloadingComplete (46ms)
	LoadAllAssembliesAndSetupDomain (101ms)
		LoadAssemblies (90ms)
		RebuildTransferFunctionScriptingTraits (0ms)
		AnalyzeDomain (99ms)
			TypeCache.Refresh (98ms)
				TypeCache.ScanAssembly (88ms)
			ScanForSourceGeneratedMonoScriptInfo (0ms)
			ResolveRequiredComponents (0ms)
	FinalizeReload (196ms)
		ReleaseScriptCaches (0ms)
		RebuildScriptCaches (0ms)
		SetupLoadedEditorAssemblies (151ms)
			LogAssemblyErrors (0ms)
			InitializePlatformSupportModulesInManaged (7ms)
			SetLoadedEditorAssemblies (6ms)
			RefreshPlugins (0ms)
			BeforeProcessingInitializeOnLoad (2ms)
			ProcessInitializeOnLoadAttributes (92ms)
			ProcessInitializeOnLoadMethodAttributes (43ms)
			AfterProcessingInitializeOnLoad (0ms)
			EditorAssembliesLoaded (0ms)
		ExecutionOrderSort2 (0ms)
		AwakeInstancesAfterBackupRestoration (0ms)
========================================================================
Worker process is ready to serve import requests
Begin MonoManager ReloadAssembly
- Loaded All Assemblies, in  0.571 seconds
Refreshing native plugins compatible for Editor in 4.07 ms, found 4 plugins.
Native extension for WindowsStandalone target not found
Package Manager log level set to [2]
[Package Manager] Server::EnsureServerProcessIsRunning -- launch failed, reason: Unity was launched with the -noUpm command-line argument
[Package Manager] UpmClient::Send -- Unable to send message (not connected to UPM process).
[Package Manager] Cannot connect to Unity Package Manager local server
Mono: successfully reloaded assembly
- Finished resetting the current domain, in  0.582 seconds
Domain Reload Profiling: 1151ms
	BeginReloadAssembly (123ms)
		ExecutionOrderSort (0ms)
		DisableScriptedObjects (4ms)
		BackupInstance (0ms)
		ReleaseScriptingObjects (0ms)
		CreateAndSetChildDomain (21ms)
	RebuildCommonClasses (24ms)
	RebuildNativeTypeToScriptingClass (8ms)
	initialDomainReloadingComplete (35ms)
	LoadAllAssembliesAndSetupDomain (379ms)
		LoadAssemblies (319ms)
		RebuildTransferFunctionScriptingTraits (0ms)
		AnalyzeDomain (133ms)
			TypeCache.Refresh (111ms)
				TypeCache.ScanAssembly (97ms)
			ScanForSourceGeneratedMonoScriptInfo (17ms)
			ResolveRequiredComponents (3ms)
	FinalizeReload (583ms)
		ReleaseScriptCaches (0ms)
		RebuildScriptCaches (0ms)
		SetupLoadedEditorAssemblies (440ms)
			LogAssemblyErrors (0ms)
			InitializePlatformSupportModulesInManaged (6ms)
			SetLoadedEditorAssemblies (5ms)
			RefreshPlugins (0ms)
			BeforeProcessingInitializeOnLoad (93ms)
			ProcessInitializeOnLoadAttributes (302ms)
			ProcessInitializeOnLoadMethodAttributes (26ms)
			AfterProcessingInitializeOnLoad (7ms)
			EditorAssembliesLoaded (0ms)
		ExecutionOrderSort2 (0ms)
		AwakeInstancesAfterBackupRestoration (12ms)
Launched and connected shader compiler UnityShaderCompiler.exe after 0.04 seconds
Refreshing native plugins compatible for Editor in 3.94 ms, found 4 plugins.
Preloading 0 native plugins for Editor in 0.00 ms.
Unloading 4144 Unused Serialized files (Serialized files now loaded: 0)
Unloading 65 unused Assets / (61.4 KB). Loaded Objects now: 4631.
Memory consumption went from 158.6 MB to 158.5 MB.
Total: 2.779000 ms (FindLiveObjects: 0.239400 ms CreateObjectMapping: 0.118900 ms MarkObjects: 2.290200 ms  DeleteObjects: 0.129100 ms)

AssetImportParameters requested are different than current active one (requested -> active):
  custom:container-demuxer-ogg: 62fdf1f143b41e24485cea50d1cbac27 -> 
  custom:video-codec-MediaFoundation-h265: 746d11721c4dcdbdad8f713fa42b33f4 -> 
  custom:video-decoder-ogg-theora: a1e56fd34408186e4bbccfd4996cb3dc -> 
  custom:framework-win-MediaFoundation: 216162199b28c13a410421893ffa2e32 -> 
  custom:CustomObjectIndexerAttribute: 756ad292c208cfabdd7b50bc23989ffe -> 
  custom:container-demuxer-webm: 4f35f7cbe854078d1ac9338744f61a02 -> 
  custom:container-muxer-webm: aa71ff27fc2769a1b78a27578f13a17b -> 
  custom:video-decoder-webm-vp8: 9c59270c3fd7afecdb556c50c9e8de78 -> 
  custom:SearchIndexIgnoredProperties: e643bd26f0fe6173181afceb89e7c659 -> 
  custom:AudioImporter_EditorPlatform: d09bf68614088b80899f8185d706f6e7 -> 
  custom:video-encoder-webm-vp8: eb34c28f22e8b96e1ab97ce403110664 -> 
  custom:audio-decoder-ogg-vorbis: bf7c407c2cedff20999df2af8eb42d56 -> 
  custom:audio-encoder-webm-vorbis: bf7c407c2cedff20999df2af8eb42d56 -> 
========================================================================
Received Import Request.
  Time since last request: 502479.742941 seconds.
  path: Assets/Textures/Characters/Customer_W2_Walk.aseprite
  artifactKey: Guid(f8f409b8a56e6d44a9e1ce6f3f3166d5) Importer(815301076,1909f56bfc062723c751e8b465ee728b)
Start importing Assets/Textures/Characters/Customer_W2_Walk.aseprite using Guid(f8f409b8a56e6d44a9e1ce6f3f3166d5) Importer(815301076,1909f56bfc062723c751e8b465ee728b)  -> (artifact id: '3f1ab3ecedcf931021b92c209462bd50') in 0.109910 seconds
Number of updated asset objects reloaded before import = 0
Number of asset objects unloaded after import = 15
========================================================================
Received Import Request.
  Time since last request: 1.502383 seconds.
  path: Assets/Textures/Characters/Customer_W2_Walk.aseprite
  artifactKey: Guid(f8f409b8a56e6d44a9e1ce6f3f3166d5) Importer(815301076,1909f56bfc062723c751e8b465ee728b)
Start importing Assets/Textures/Characters/Customer_W2_Walk.aseprite using Guid(f8f409b8a56e6d44a9e1ce6f3f3166d5) Importer(815301076,1909f56bfc062723c751e8b465ee728b)  -> (artifact id: 'adcf01e94a460cf591b1cc8451484082') in 0.029028 seconds
Number of updated asset objects reloaded before import = 0
Number of asset objects unloaded after import = 15
========================================================================
Received Prepare
Begin MonoManager ReloadAssembly
- Loaded All Assemblies, in  0.426 seconds
Refreshing native plugins compatible for Editor in 5.06 ms, found 4 plugins.
Native extension for WindowsStandalone target not found
[Package Manager] Server::EnsureServerProcessIsRunning -- launch failed, reason: Unity was launched with the -noUpm command-line argument
[Package Manager] UpmClient::Send -- Unable to send message (not connected to UPM process).
[Package Manager] Cannot connect to Unity Package Manager local server
Mono: successfully reloaded assembly
- Finished resetting the current domain, in  0.860 seconds
Domain Reload Profiling: 1283ms
	BeginReloadAssembly (133ms)
		ExecutionOrderSort (0ms)
		DisableScriptedObjects (8ms)
		BackupInstance (0ms)
		ReleaseScriptingObjects (0ms)
		CreateAndSetChildDomain (30ms)
	RebuildCommonClasses (30ms)
	RebuildNativeTypeToScriptingClass (7ms)
	initialDomainReloadingComplete (24ms)
	LoadAllAssembliesAndSetupDomain (229ms)
		LoadAssemblies (287ms)
		RebuildTransferFunctionScriptingTraits (0ms)
		AnalyzeDomain (10ms)
			TypeCache.Refresh (5ms)
				TypeCache.ScanAssembly (0ms)
			ScanForSourceGeneratedMonoScriptInfo (0ms)
			ResolveRequiredComponents (4ms)
	FinalizeReload (860ms)
		ReleaseScriptCaches (0ms)
		RebuildScriptCaches (0ms)
		SetupLoadedEditorAssemblies (391ms)
			LogAssemblyErrors (0ms)
			InitializePlatformSupportModulesInManaged (5ms)
			SetLoadedEditorAssemblies (5ms)
			RefreshPlugins (0ms)
			BeforeProcessingInitializeOnLoad (93ms)
			ProcessInitializeOnLoadAttributes (262ms)
			ProcessInitializeOnLoadMethodAttributes (19ms)
			AfterProcessingInitializeOnLoad (7ms)
			EditorAssembliesLoaded (0ms)
		ExecutionOrderSort2 (0ms)
		AwakeInstancesAfterBackupRestoration (17ms)
Refreshing native plugins compatible for Editor in 2.88 ms, found 4 plugins.
Preloading 0 native plugins for Editor in 0.00 ms.
Unloading 4119 Unused Serialized files (Serialized files now loaded: 0)
Unloading 37 unused Assets / (34.6 KB). Loaded Objects now: 4650.
Memory consumption went from 157.0 MB to 156.9 MB.
Total: 2.355400 ms (FindLiveObjects: 0.215400 ms CreateObjectMapping: 0.107400 ms MarkObjects: 1.984800 ms  DeleteObjects: 0.047000 ms)

Prepare: number of updated asset objects reloaded= 0
AssetImportParameters requested are different than current active one (requested -> active):
  custom:container-demuxer-ogg: 62fdf1f143b41e24485cea50d1cbac27 -> 
  custom:video-codec-MediaFoundation-h265: 746d11721c4dcdbdad8f713fa42b33f4 -> 
  custom:video-decoder-ogg-theora: a1e56fd34408186e4bbccfd4996cb3dc -> 
  custom:framework-win-MediaFoundation: 216162199b28c13a410421893ffa2e32 -> 
  custom:CustomObjectIndexerAttribute: 756ad292c208cfabdd7b50bc23989ffe -> 
  custom:container-demuxer-webm: 4f35f7cbe854078d1ac9338744f61a02 -> 
  custom:container-muxer-webm: aa71ff27fc2769a1b78a27578f13a17b -> 
  custom:video-decoder-webm-vp8: 9c59270c3fd7afecdb556c50c9e8de78 -> 
  custom:SearchIndexIgnoredProperties: e643bd26f0fe6173181afceb89e7c659 -> 
  custom:AudioImporter_EditorPlatform: d09bf68614088b80899f8185d706f6e7 -> 
  custom:video-encoder-webm-vp8: eb34c28f22e8b96e1ab97ce403110664 -> 
  custom:audio-decoder-ogg-vorbis: bf7c407c2cedff20999df2af8eb42d56 -> 
  custom:audio-encoder-webm-vorbis: bf7c407c2cedff20999df2af8eb42d56 -> 
========================================================================
Received Prepare
Begin MonoManager ReloadAssembly
- Loaded All Assemblies, in  0.451 seconds
Refreshing native plugins compatible for Editor in 3.08 ms, found 4 plugins.
Native extension for WindowsStandalone target not found
[Package Manager] Server::EnsureServerProcessIsRunning -- launch failed, reason: Unity was launched with the -noUpm command-line argument
[Package Manager] UpmClient::Send -- Unable to send message (not connected to UPM process).
[Package Manager] Cannot connect to Unity Package Manager local server
Mono: successfully reloaded assembly
- Finished resetting the current domain, in  1.330 seconds
Domain Reload Profiling: 1780ms
	BeginReloadAssembly (146ms)
		ExecutionOrderSort (0ms)
		DisableScriptedObjects (11ms)
		BackupInstance (0ms)
		ReleaseScriptingObjects (0ms)
		CreateAndSetChildDomain (41ms)
	RebuildCommonClasses (23ms)
	RebuildNativeTypeToScriptingClass (8ms)
	initialDomainReloadingComplete (25ms)
	LoadAllAssembliesAndSetupDomain (248ms)
		LoadAssemblies (303ms)
		RebuildTransferFunctionScriptingTraits (0ms)
		AnalyzeDomain (13ms)
			TypeCache.Refresh (6ms)
				TypeCache.ScanAssembly (0ms)
			ScanForSourceGeneratedMonoScriptInfo (0ms)
			ResolveRequiredComponents (6ms)
	FinalizeReload (1330ms)
		ReleaseScriptCaches (0ms)
		RebuildScriptCaches (0ms)
		SetupLoadedEditorAssemblies (450ms)
			LogAssemblyErrors (0ms)
			InitializePlatformSupportModulesInManaged (6ms)
			SetLoadedEditorAssemblies (6ms)
			RefreshPlugins (0ms)
			BeforeProcessingInitializeOnLoad (100ms)
			ProcessInitializeOnLoadAttributes (302ms)
			ProcessInitializeOnLoadMethodAttributes (28ms)
			AfterProcessingInitializeOnLoad (6ms)
			EditorAssembliesLoaded (0ms)
		ExecutionOrderSort2 (0ms)
		AwakeInstancesAfterBackupRestoration (21ms)
Refreshing native plugins compatible for Editor in 3.38 ms, found 4 plugins.
Preloading 0 native plugins for Editor in 0.00 ms.
Unloading 4120 Unused Serialized files (Serialized files now loaded: 0)
Unloading 37 unused Assets / (34.7 KB). Loaded Objects now: 4654.
Memory consumption went from 157.2 MB to 157.2 MB.
Total: 3.204500 ms (FindLiveObjects: 0.225600 ms CreateObjectMapping: 0.113600 ms MarkObjects: 2.792200 ms  DeleteObjects: 0.072100 ms)

Prepare: number of updated asset objects reloaded= 0
AssetImportParameters requested are different than current active one (requested -> active):
  custom:container-demuxer-ogg: 62fdf1f143b41e24485cea50d1cbac27 -> 
  custom:video-codec-MediaFoundation-h265: 746d11721c4dcdbdad8f713fa42b33f4 -> 
  custom:video-decoder-ogg-theora: a1e56fd34408186e4bbccfd4996cb3dc -> 
  custom:framework-win-MediaFoundation: 216162199b28c13a410421893ffa2e32 -> 
  custom:CustomObjectIndexerAttribute: 756ad292c208cfabdd7b50bc23989ffe -> 
  custom:container-demuxer-webm: 4f35f7cbe854078d1ac9338744f61a02 -> 
  custom:container-muxer-webm: aa71ff27fc2769a1b78a27578f13a17b -> 
  custom:video-decoder-webm-vp8: 9c59270c3fd7afecdb556c50c9e8de78 -> 
  custom:SearchIndexIgnoredProperties: e643bd26f0fe6173181afceb89e7c659 -> 
  custom:AudioImporter_EditorPlatform: d09bf68614088b80899f8185d706f6e7 -> 
  custom:video-encoder-webm-vp8: eb34c28f22e8b96e1ab97ce403110664 -> 
  custom:audio-decoder-ogg-vorbis: bf7c407c2cedff20999df2af8eb42d56 -> 
  custom:audio-encoder-webm-vorbis: bf7c407c2cedff20999df2af8eb42d56 -> 
========================================================================
Received Prepare
Begin MonoManager ReloadAssembly
- Loaded All Assemblies, in  0.392 seconds
Refreshing native plugins compatible for Editor in 2.70 ms, found 4 plugins.
Native extension for WindowsStandalone target not found
[Package Manager] Server::EnsureServerProcessIsRunning -- launch failed, reason: Unity was launched with the -noUpm command-line argument
[Package Manager] UpmClient::Send -- Unable to send message (not connected to UPM process).
[Package Manager] Cannot connect to Unity Package Manager local server
Mono: successfully reloaded assembly
- Finished resetting the current domain, in  0.872 seconds
Domain Reload Profiling: 1262ms
	BeginReloadAssembly (128ms)
		ExecutionOrderSort (0ms)
		DisableScriptedObjects (8ms)
		BackupInstance (0ms)
		ReleaseScriptingObjects (0ms)
		CreateAndSetChildDomain (29ms)
	RebuildCommonClasses (22ms)
	RebuildNativeTypeToScriptingClass (7ms)
	initialDomainReloadingComplete (22ms)
	LoadAllAssembliesAndSetupDomain (211ms)
		LoadAssemblies (268ms)
		RebuildTransferFunctionScriptingTraits (0ms)
		AnalyzeDomain (11ms)
			TypeCache.Refresh (6ms)
				TypeCache.ScanAssembly (0ms)
			ScanForSourceGeneratedMonoScriptInfo (0ms)
			ResolveRequiredComponents (5ms)
	FinalizeReload (872ms)
		ReleaseScriptCaches (0ms)
		RebuildScriptCaches (0ms)
		SetupLoadedEditorAssemblies (417ms)
			LogAssemblyErrors (0ms)
			InitializePlatformSupportModulesInManaged (6ms)
			SetLoadedEditorAssemblies (5ms)
			RefreshPlugins (0ms)
			BeforeProcessingInitializeOnLoad (97ms)
			ProcessInitializeOnLoadAttributes (278ms)
			ProcessInitializeOnLoadMethodAttributes (24ms)
			AfterProcessingInitializeOnLoad (6ms)
			EditorAssembliesLoaded (0ms)
		ExecutionOrderSort2 (0ms)
		AwakeInstancesAfterBackupRestoration (21ms)
Refreshing native plugins compatible for Editor in 3.60 ms, found 4 plugins.
Preloading 0 native plugins for Editor in 0.00 ms.
Unloading 4120 Unused Serialized files (Serialized files now loaded: 0)
Unloading 37 unused Assets / (34.7 KB). Loaded Objects now: 4658.
Memory consumption went from 157.2 MB to 157.2 MB.
Total: 3.302500 ms (FindLiveObjects: 0.214700 ms CreateObjectMapping: 0.104800 ms MarkObjects: 2.912200 ms  DeleteObjects: 0.069600 ms)

Prepare: number of updated asset objects reloaded= 0
AssetImportParameters requested are different than current active one (requested -> active):
  custom:container-demuxer-ogg: 62fdf1f143b41e24485cea50d1cbac27 -> 
  custom:video-codec-MediaFoundation-h265: 746d11721c4dcdbdad8f713fa42b33f4 -> 
  custom:video-decoder-ogg-theora: a1e56fd34408186e4bbccfd4996cb3dc -> 
  custom:framework-win-MediaFoundation: 216162199b28c13a410421893ffa2e32 -> 
  custom:CustomObjectIndexerAttribute: 756ad292c208cfabdd7b50bc23989ffe -> 
  custom:container-demuxer-webm: 4f35f7cbe854078d1ac9338744f61a02 -> 
  custom:container-muxer-webm: aa71ff27fc2769a1b78a27578f13a17b -> 
  custom:video-decoder-webm-vp8: 9c59270c3fd7afecdb556c50c9e8de78 -> 
  custom:SearchIndexIgnoredProperties: e643bd26f0fe6173181afceb89e7c659 -> 
  custom:AudioImporter_EditorPlatform: d09bf68614088b80899f8185d706f6e7 -> 
  custom:video-encoder-webm-vp8: eb34c28f22e8b96e1ab97ce403110664 -> 
  custom:audio-decoder-ogg-vorbis: bf7c407c2cedff20999df2af8eb42d56 -> 
  custom:audio-encoder-webm-vorbis: bf7c407c2cedff20999df2af8eb42d56 -> 
========================================================================
Received Prepare
Begin MonoManager ReloadAssembly
- Loaded All Assemblies, in  0.482 seconds
Refreshing native plugins compatible for Editor in 2.78 ms, found 4 plugins.
Native extension for WindowsStandalone target not found
[Package Manager] Server::EnsureServerProcessIsRunning -- launch failed, reason: Unity was launched with the -noUpm command-line argument
[Package Manager] UpmClient::Send -- Unable to send message (not connected to UPM process).
[Package Manager] Cannot connect to Unity Package Manager local server
Mono: successfully reloaded assembly
- Finished resetting the current domain, in  0.844 seconds
Domain Reload Profiling: 1323ms
	BeginReloadAssembly (146ms)
		ExecutionOrderSort (0ms)
		DisableScriptedObjects (8ms)
		BackupInstance (0ms)
		ReleaseScriptingObjects (0ms)
		CreateAndSetChildDomain (32ms)
	RebuildCommonClasses (26ms)
	RebuildNativeTypeToScriptingClass (10ms)
	initialDomainReloadingComplete (29ms)
	LoadAllAssembliesAndSetupDomain (267ms)
		LoadAssemblies (325ms)
		RebuildTransferFunctionScriptingTraits (0ms)
		AnalyzeDomain (24ms)
			TypeCache.Refresh (10ms)
				TypeCache.ScanAssembly (1ms)
			ScanForSourceGeneratedMonoScriptInfo (8ms)
			ResolveRequiredComponents (5ms)
	FinalizeReload (844ms)
		ReleaseScriptCaches (0ms)
		RebuildScriptCaches (0ms)
		SetupLoadedEditorAssemblies (394ms)
			LogAssemblyErrors (0ms)
			InitializePlatformSupportModulesInManaged (8ms)
			SetLoadedEditorAssemblies (7ms)
			RefreshPlugins (0ms)
			BeforeProcessingInitializeOnLoad (98ms)
			ProcessInitializeOnLoadAttributes (250ms)
			ProcessInitializeOnLoadMethodAttributes (26ms)
			AfterProcessingInitializeOnLoad (5ms)
			EditorAssembliesLoaded (0ms)
		ExecutionOrderSort2 (0ms)
		AwakeInstancesAfterBackupRestoration (15ms)
Refreshing native plugins compatible for Editor in 2.54 ms, found 4 plugins.
Preloading 0 native plugins for Editor in 0.00 ms.
Unloading 4120 Unused Serialized files (Serialized files now loaded: 0)
Unloading 37 unused Assets / (34.8 KB). Loaded Objects now: 4662.
Memory consumption went from 157.2 MB to 157.2 MB.
Total: 2.646400 ms (FindLiveObjects: 0.494300 ms CreateObjectMapping: 0.140900 ms MarkObjects: 1.968300 ms  DeleteObjects: 0.041500 ms)

Prepare: number of updated asset objects reloaded= 0
AssetImportParameters requested are different than current active one (requested -> active):
  custom:container-demuxer-ogg: 62fdf1f143b41e24485cea50d1cbac27 -> 
  custom:video-codec-MediaFoundation-h265: 746d11721c4dcdbdad8f713fa42b33f4 -> 
  custom:video-decoder-ogg-theora: a1e56fd34408186e4bbccfd4996cb3dc -> 
  custom:framework-win-MediaFoundation: 216162199b28c13a410421893ffa2e32 -> 
  custom:CustomObjectIndexerAttribute: 756ad292c208cfabdd7b50bc23989ffe -> 
  custom:container-demuxer-webm: 4f35f7cbe854078d1ac9338744f61a02 -> 
  custom:container-muxer-webm: aa71ff27fc2769a1b78a27578f13a17b -> 
  custom:video-decoder-webm-vp8: 9c59270c3fd7afecdb556c50c9e8de78 -> 
  custom:SearchIndexIgnoredProperties: e643bd26f0fe6173181afceb89e7c659 -> 
  custom:AudioImporter_EditorPlatform: d09bf68614088b80899f8185d706f6e7 -> 
  custom:video-encoder-webm-vp8: eb34c28f22e8b96e1ab97ce403110664 -> 
  custom:audio-decoder-ogg-vorbis: bf7c407c2cedff20999df2af8eb42d56 -> 
  custom:audio-encoder-webm-vorbis: bf7c407c2cedff20999df2af8eb42d56 -> 
========================================================================
Received Prepare
Begin MonoManager ReloadAssembly
- Loaded All Assemblies, in  0.396 seconds
Refreshing native plugins compatible for Editor in 2.52 ms, found 4 plugins.
Native extension for WindowsStandalone target not found
[Package Manager] Server::EnsureServerProcessIsRunning -- launch failed, reason: Unity was launched with the -noUpm command-line argument
[Package Manager] UpmClient::Send -- Unable to send message (not connected to UPM process).
[Package Manager] Cannot connect to Unity Package Manager local server
Mono: successfully reloaded assembly
- Finished resetting the current domain, in  0.738 seconds
Domain Reload Profiling: 1133ms
	BeginReloadAssembly (124ms)
		ExecutionOrderSort (0ms)
		DisableScriptedObjects (8ms)
		BackupInstance (0ms)
		ReleaseScriptingObjects (0ms)
		CreateAndSetChildDomain (29ms)
	RebuildCommonClasses (23ms)
	RebuildNativeTypeToScriptingClass (7ms)
	initialDomainReloadingComplete (22ms)
	LoadAllAssembliesAndSetupDomain (219ms)
		LoadAssemblies (257ms)
		RebuildTransferFunctionScriptingTraits (0ms)
		AnalyzeDomain (26ms)
			TypeCache.Refresh (9ms)
				TypeCache.ScanAssembly (1ms)
			ScanForSourceGeneratedMonoScriptInfo (11ms)
			ResolveRequiredComponents (5ms)
	FinalizeReload (738ms)
		ReleaseScriptCaches (0ms)
		RebuildScriptCaches (0ms)
		SetupLoadedEditorAssemblies (363ms)
			LogAssemblyErrors (0ms)
			InitializePlatformSupportModulesInManaged (4ms)
			SetLoadedEditorAssemblies (5ms)
			RefreshPlugins (0ms)
			BeforeProcessingInitializeOnLoad (81ms)
			ProcessInitializeOnLoadAttributes (246ms)
			ProcessInitializeOnLoadMethodAttributes (21ms)
			AfterProcessingInitializeOnLoad (5ms)
			EditorAssembliesLoaded (0ms)
		ExecutionOrderSort2 (0ms)
		AwakeInstancesAfterBackupRestoration (18ms)
Refreshing native plugins compatible for Editor in 2.65 ms, found 4 plugins.
Preloading 0 native plugins for Editor in 0.00 ms.
Unloading 4120 Unused Serialized files (Serialized files now loaded: 0)
Unloading 37 unused Assets / (34.8 KB). Loaded Objects now: 4666.
Memory consumption went from 157.2 MB to 157.2 MB.
Total: 2.489200 ms (FindLiveObjects: 0.249400 ms CreateObjectMapping: 0.124000 ms MarkObjects: 2.059600 ms  DeleteObjects: 0.054300 ms)

Prepare: number of updated asset objects reloaded= 0
AssetImportParameters requested are different than current active one (requested -> active):
  custom:container-demuxer-ogg: 62fdf1f143b41e24485cea50d1cbac27 -> 
  custom:video-codec-MediaFoundation-h265: 746d11721c4dcdbdad8f713fa42b33f4 -> 
  custom:video-decoder-ogg-theora: a1e56fd34408186e4bbccfd4996cb3dc -> 
  custom:framework-win-MediaFoundation: 216162199b28c13a410421893ffa2e32 -> 
  custom:CustomObjectIndexerAttribute: 756ad292c208cfabdd7b50bc23989ffe -> 
  custom:container-demuxer-webm: 4f35f7cbe854078d1ac9338744f61a02 -> 
  custom:container-muxer-webm: aa71ff27fc2769a1b78a27578f13a17b -> 
  custom:video-decoder-webm-vp8: 9c59270c3fd7afecdb556c50c9e8de78 -> 
  custom:SearchIndexIgnoredProperties: e643bd26f0fe6173181afceb89e7c659 -> 
  custom:AudioImporter_EditorPlatform: d09bf68614088b80899f8185d706f6e7 -> 
  custom:video-encoder-webm-vp8: eb34c28f22e8b96e1ab97ce403110664 -> 
  custom:audio-decoder-ogg-vorbis: bf7c407c2cedff20999df2af8eb42d56 -> 
  custom:audio-encoder-webm-vorbis: bf7c407c2cedff20999df2af8eb42d56 -> 
========================================================================
Received Prepare
Begin MonoManager ReloadAssembly
- Loaded All Assemblies, in  0.510 seconds
Refreshing native plugins compatible for Editor in 2.59 ms, found 4 plugins.
Native extension for WindowsStandalone target not found
[Package Manager] Server::EnsureServerProcessIsRunning -- launch failed, reason: Unity was launched with the -noUpm command-line argument
[Package Manager] UpmClient::Send -- Unable to send message (not connected to UPM process).
[Package Manager] Cannot connect to Unity Package Manager local server
Mono: successfully reloaded assembly
- Finished resetting the current domain, in  0.810 seconds
Domain Reload Profiling: 1318ms
	BeginReloadAssembly (175ms)
		ExecutionOrderSort (0ms)
		DisableScriptedObjects (14ms)
		BackupInstance (0ms)
		ReleaseScriptingObjects (0ms)
		CreateAndSetChildDomain (30ms)
	RebuildCommonClasses (35ms)
	RebuildNativeTypeToScriptingClass (13ms)
	initialDomainReloadingComplete (35ms)
	LoadAllAssembliesAndSetupDomain (249ms)
		LoadAssemblies (335ms)
		RebuildTransferFunctionScriptingTraits (0ms)
		AnalyzeDomain (20ms)
			TypeCache.Refresh (9ms)
				TypeCache.ScanAssembly (1ms)
			ScanForSourceGeneratedMonoScriptInfo (7ms)
			ResolveRequiredComponents (4ms)
	FinalizeReload (811ms)
		ReleaseScriptCaches (0ms)
		RebuildScriptCaches (0ms)
		SetupLoadedEditorAssemblies (417ms)
			LogAssemblyErrors (0ms)
			InitializePlatformSupportModulesInManaged (7ms)
			SetLoadedEditorAssemblies (5ms)
			RefreshPlugins (0ms)
			BeforeProcessingInitializeOnLoad (76ms)
			ProcessInitializeOnLoadAttributes (298ms)
			ProcessInitializeOnLoadMethodAttributes (25ms)
			AfterProcessingInitializeOnLoad (7ms)
			EditorAssembliesLoaded (0ms)
		ExecutionOrderSort2 (0ms)
		AwakeInstancesAfterBackupRestoration (22ms)
Refreshing native plugins compatible for Editor in 3.28 ms, found 4 plugins.
Preloading 0 native plugins for Editor in 0.00 ms.
Unloading 4120 Unused Serialized files (Serialized files now loaded: 0)
Unloading 37 unused Assets / (34.8 KB). Loaded Objects now: 4670.
Memory consumption went from 157.3 MB to 157.2 MB.
Total: 2.433700 ms (FindLiveObjects: 0.211300 ms CreateObjectMapping: 0.095200 ms MarkObjects: 2.076900 ms  DeleteObjects: 0.049700 ms)

Prepare: number of updated asset objects reloaded= 0
AssetImportParameters requested are different than current active one (requested -> active):
  custom:container-demuxer-ogg: 62fdf1f143b41e24485cea50d1cbac27 -> 
  custom:video-codec-MediaFoundation-h265: 746d11721c4dcdbdad8f713fa42b33f4 -> 
  custom:video-decoder-ogg-theora: a1e56fd34408186e4bbccfd4996cb3dc -> 
  custom:framework-win-MediaFoundation: 216162199b28c13a410421893ffa2e32 -> 
  custom:CustomObjectIndexerAttribute: 756ad292c208cfabdd7b50bc23989ffe -> 
  custom:container-demuxer-webm: 4f35f7cbe854078d1ac9338744f61a02 -> 
  custom:container-muxer-webm: aa71ff27fc2769a1b78a27578f13a17b -> 
  custom:video-decoder-webm-vp8: 9c59270c3fd7afecdb556c50c9e8de78 -> 
  custom:SearchIndexIgnoredProperties: e643bd26f0fe6173181afceb89e7c659 -> 
  custom:AudioImporter_EditorPlatform: d09bf68614088b80899f8185d706f6e7 -> 
  custom:video-encoder-webm-vp8: eb34c28f22e8b96e1ab97ce403110664 -> 
  custom:audio-decoder-ogg-vorbis: bf7c407c2cedff20999df2af8eb42d56 -> 
  custom:audio-encoder-webm-vorbis: bf7c407c2cedff20999df2af8eb42d56 -> 
========================================================================
Received Prepare
Begin MonoManager ReloadAssembly
- Loaded All Assemblies, in  0.435 seconds
Refreshing native plugins compatible for Editor in 3.19 ms, found 4 plugins.
Native extension for WindowsStandalone target not found
[Package Manager] Server::EnsureServerProcessIsRunning -- launch failed, reason: Unity was launched with the -noUpm command-line argument
[Package Manager] UpmClient::Send -- Unable to send message (not connected to UPM process).
[Package Manager] Cannot connect to Unity Package Manager local server
Mono: successfully reloaded assembly
- Finished resetting the current domain, in  0.766 seconds
Domain Reload Profiling: 1200ms
	BeginReloadAssembly (158ms)
		ExecutionOrderSort (0ms)
		DisableScriptedObjects (10ms)
		BackupInstance (0ms)
		ReleaseScriptingObjects (0ms)
		CreateAndSetChildDomain (48ms)
	RebuildCommonClasses (21ms)
	RebuildNativeTypeToScriptingClass (8ms)
	initialDomainReloadingComplete (21ms)
	LoadAllAssembliesAndSetupDomain (224ms)
		LoadAssemblies (273ms)
		RebuildTransferFunctionScriptingTraits (0ms)
		AnalyzeDomain (21ms)
			TypeCache.Refresh (8ms)
				TypeCache.ScanAssembly (1ms)
			ScanForSourceGeneratedMonoScriptInfo (8ms)
			ResolveRequiredComponents (4ms)
	FinalizeReload (766ms)
		ReleaseScriptCaches (0ms)
		RebuildScriptCaches (0ms)
		SetupLoadedEditorAssemblies (358ms)
			LogAssemblyErrors (0ms)
			InitializePlatformSupportModulesInManaged (5ms)
			SetLoadedEditorAssemblies (4ms)
			RefreshPlugins (0ms)
			BeforeProcessingInitializeOnLoad (79ms)
			ProcessInitializeOnLoadAttributes (242ms)
			ProcessInitializeOnLoadMethodAttributes (23ms)
			AfterProcessingInitializeOnLoad (5ms)
			EditorAssembliesLoaded (0ms)
		ExecutionOrderSort2 (0ms)
		AwakeInstancesAfterBackupRestoration (20ms)
Refreshing native plugins compatible for Editor in 2.89 ms, found 4 plugins.
Preloading 0 native plugins for Editor in 0.00 ms.
Unloading 4120 Unused Serialized files (Serialized files now loaded: 0)
Unloading 37 unused Assets / (34.8 KB). Loaded Objects now: 4674.
Memory consumption went from 157.3 MB to 157.2 MB.
Total: 2.868700 ms (FindLiveObjects: 0.284400 ms CreateObjectMapping: 0.144000 ms MarkObjects: 2.362600 ms  DeleteObjects: 0.076400 ms)

Prepare: number of updated asset objects reloaded= 0
AssetImportParameters requested are different than current active one (requested -> active):
  custom:container-demuxer-ogg: 62fdf1f143b41e24485cea50d1cbac27 -> 
  custom:video-codec-MediaFoundation-h265: 746d11721c4dcdbdad8f713fa42b33f4 -> 
  custom:video-decoder-ogg-theora: a1e56fd34408186e4bbccfd4996cb3dc -> 
  custom:framework-win-MediaFoundation: 216162199b28c13a410421893ffa2e32 -> 
  custom:CustomObjectIndexerAttribute: 756ad292c208cfabdd7b50bc23989ffe -> 
  custom:container-demuxer-webm: 4f35f7cbe854078d1ac9338744f61a02 -> 
  custom:container-muxer-webm: aa71ff27fc2769a1b78a27578f13a17b -> 
  custom:video-decoder-webm-vp8: 9c59270c3fd7afecdb556c50c9e8de78 -> 
  custom:SearchIndexIgnoredProperties: e643bd26f0fe6173181afceb89e7c659 -> 
  custom:AudioImporter_EditorPlatform: d09bf68614088b80899f8185d706f6e7 -> 
  custom:video-encoder-webm-vp8: eb34c28f22e8b96e1ab97ce403110664 -> 
  custom:audio-decoder-ogg-vorbis: bf7c407c2cedff20999df2af8eb42d56 -> 
  custom:audio-encoder-webm-vorbis: bf7c407c2cedff20999df2af8eb42d56 -> 
========================================================================
Received Prepare
Begin MonoManager ReloadAssembly
- Loaded All Assemblies, in  0.427 seconds
Refreshing native plugins compatible for Editor in 2.91 ms, found 4 plugins.
Native extension for WindowsStandalone target not found
[Package Manager] Server::EnsureServerProcessIsRunning -- launch failed, reason: Unity was launched with the -noUpm command-line argument
[Package Manager] UpmClient::Send -- Unable to send message (not connected to UPM process).
[Package Manager] Cannot connect to Unity Package Manager local server
Mono: successfully reloaded assembly
- Finished resetting the current domain, in  0.761 seconds
Domain Reload Profiling: 1186ms
	BeginReloadAssembly (128ms)
		ExecutionOrderSort (0ms)
		DisableScriptedObjects (8ms)
		BackupInstance (0ms)
		ReleaseScriptingObjects (0ms)
		CreateAndSetChildDomain (27ms)
	RebuildCommonClasses (46ms)
	RebuildNativeTypeToScriptingClass (7ms)
	initialDomainReloadingComplete (22ms)
	LoadAllAssembliesAndSetupDomain (222ms)
		LoadAssemblies (270ms)
		RebuildTransferFunctionScriptingTraits (0ms)
		AnalyzeDomain (21ms)
			TypeCache.Refresh (9ms)
				TypeCache.ScanAssembly (1ms)
			ScanForSourceGeneratedMonoScriptInfo (7ms)
			ResolveRequiredComponents (4ms)
	FinalizeReload (762ms)
		ReleaseScriptCaches (0ms)
		RebuildScriptCaches (0ms)
		SetupLoadedEditorAssemblies (380ms)
			LogAssemblyErrors (0ms)
			InitializePlatformSupportModulesInManaged (5ms)
			SetLoadedEditorAssemblies (4ms)
			RefreshPlugins (0ms)
			BeforeProcessingInitializeOnLoad (80ms)
			ProcessInitializeOnLoadAttributes (264ms)
			ProcessInitializeOnLoadMethodAttributes (22ms)
			AfterProcessingInitializeOnLoad (5ms)
			EditorAssembliesLoaded (0ms)
		ExecutionOrderSort2 (0ms)
		AwakeInstancesAfterBackupRestoration (15ms)
Refreshing native plugins compatible for Editor in 2.58 ms, found 4 plugins.
Preloading 0 native plugins for Editor in 0.00 ms.
Unloading 4120 Unused Serialized files (Serialized files now loaded: 0)
Unloading 37 unused Assets / (34.8 KB). Loaded Objects now: 4678.
Memory consumption went from 157.3 MB to 157.2 MB.
Total: 2.522600 ms (FindLiveObjects: 0.244500 ms CreateObjectMapping: 0.114100 ms MarkObjects: 2.100900 ms  DeleteObjects: 0.061300 ms)

Prepare: number of updated asset objects reloaded= 0
AssetImportParameters requested are different than current active one (requested -> active):
  custom:container-demuxer-ogg: 62fdf1f143b41e24485cea50d1cbac27 -> 
  custom:video-codec-MediaFoundation-h265: 746d11721c4dcdbdad8f713fa42b33f4 -> 
  custom:video-decoder-ogg-theora: a1e56fd34408186e4bbccfd4996cb3dc -> 
  custom:framework-win-MediaFoundation: 216162199b28c13a410421893ffa2e32 -> 
  custom:CustomObjectIndexerAttribute: 756ad292c208cfabdd7b50bc23989ffe -> 
  custom:container-demuxer-webm: 4f35f7cbe854078d1ac9338744f61a02 -> 
  custom:container-muxer-webm: aa71ff27fc2769a1b78a27578f13a17b -> 
  custom:video-decoder-webm-vp8: 9c59270c3fd7afecdb556c50c9e8de78 -> 
  custom:SearchIndexIgnoredProperties: e643bd26f0fe6173181afceb89e7c659 -> 
  custom:AudioImporter_EditorPlatform: d09bf68614088b80899f8185d706f6e7 -> 
  custom:video-encoder-webm-vp8: eb34c28f22e8b96e1ab97ce403110664 -> 
  custom:audio-decoder-ogg-vorbis: bf7c407c2cedff20999df2af8eb42d56 -> 
  custom:audio-encoder-webm-vorbis: bf7c407c2cedff20999df2af8eb42d56 -> 
========================================================================
Received Prepare
Begin MonoManager ReloadAssembly
- Loaded All Assemblies, in  0.391 seconds
Refreshing native plugins compatible for Editor in 4.01 ms, found 4 plugins.
Native extension for WindowsStandalone target not found
[Package Manager] Server::EnsureServerProcessIsRunning -- launch failed, reason: Unity was launched with the -noUpm command-line argument
[Package Manager] UpmClient::Send -- Unable to send message (not connected to UPM process).
[Package Manager] Cannot connect to Unity Package Manager local server
Mono: successfully reloaded assembly
- Finished resetting the current domain, in  0.897 seconds
Domain Reload Profiling: 1287ms
	BeginReloadAssembly (135ms)
		ExecutionOrderSort (0ms)
		DisableScriptedObjects (9ms)
		BackupInstance (0ms)
		ReleaseScriptingObjects (0ms)
		CreateAndSetChildDomain (30ms)
	RebuildCommonClasses (21ms)
	RebuildNativeTypeToScriptingClass (7ms)
	initialDomainReloadingComplete (20ms)
	LoadAllAssembliesAndSetupDomain (206ms)
		LoadAssemblies (269ms)
		RebuildTransferFunctionScriptingTraits (0ms)
		AnalyzeDomain (10ms)
			TypeCache.Refresh (5ms)
				TypeCache.ScanAssembly (0ms)
			ScanForSourceGeneratedMonoScriptInfo (0ms)
			ResolveRequiredComponents (4ms)
	FinalizeReload (897ms)
		ReleaseScriptCaches (0ms)
		RebuildScriptCaches (0ms)
		SetupLoadedEditorAssemblies (413ms)
			LogAssemblyErrors (0ms)
			InitializePlatformSupportModulesInManaged (6ms)
			SetLoadedEditorAssemblies (5ms)
			RefreshPlugins (0ms)
			BeforeProcessingInitializeOnLoad (98ms)
			ProcessInitializeOnLoadAttributes (271ms)
			ProcessInitializeOnLoadMethodAttributes (26ms)
			AfterProcessingInitializeOnLoad (6ms)
			EditorAssembliesLoaded (0ms)
		ExecutionOrderSort2 (0ms)
		AwakeInstancesAfterBackupRestoration (21ms)
Refreshing native plugins compatible for Editor in 3.64 ms, found 4 plugins.
Preloading 0 native plugins for Editor in 0.00 ms.
Unloading 4120 Unused Serialized files (Serialized files now loaded: 0)
Unloading 37 unused Assets / (34.8 KB). Loaded Objects now: 4682.
Memory consumption went from 157.3 MB to 157.2 MB.
Total: 2.846700 ms (FindLiveObjects: 0.255900 ms CreateObjectMapping: 0.135100 ms MarkObjects: 2.378800 ms  DeleteObjects: 0.075700 ms)

Prepare: number of updated asset objects reloaded= 0
AssetImportParameters requested are different than current active one (requested -> active):
  custom:container-demuxer-ogg: 62fdf1f143b41e24485cea50d1cbac27 -> 
  custom:video-codec-MediaFoundation-h265: 746d11721c4dcdbdad8f713fa42b33f4 -> 
  custom:video-decoder-ogg-theora: a1e56fd34408186e4bbccfd4996cb3dc -> 
  custom:framework-win-MediaFoundation: 216162199b28c13a410421893ffa2e32 -> 
  custom:CustomObjectIndexerAttribute: 756ad292c208cfabdd7b50bc23989ffe -> 
  custom:container-demuxer-webm: 4f35f7cbe854078d1ac9338744f61a02 -> 
  custom:container-muxer-webm: aa71ff27fc2769a1b78a27578f13a17b -> 
  custom:video-decoder-webm-vp8: 9c59270c3fd7afecdb556c50c9e8de78 -> 
  custom:SearchIndexIgnoredProperties: e643bd26f0fe6173181afceb89e7c659 -> 
  custom:AudioImporter_EditorPlatform: d09bf68614088b80899f8185d706f6e7 -> 
  custom:video-encoder-webm-vp8: eb34c28f22e8b96e1ab97ce403110664 -> 
  custom:audio-decoder-ogg-vorbis: bf7c407c2cedff20999df2af8eb42d56 -> 
  custom:audio-encoder-webm-vorbis: bf7c407c2cedff20999df2af8eb42d56 -> 
========================================================================
Received Import Request.
  Time since last request: 4236.896701 seconds.
  path: Assets/Textures/Characters/Customer_GRP_Base.aseprite
  artifactKey: Guid(af27ff3680064014b9479bf22ca3869d) Importer(815301076,1909f56bfc062723c751e8b465ee728b)
Start importing Assets/Textures/Characters/Customer_GRP_Base.aseprite using Guid(af27ff3680064014b9479bf22ca3869d) Importer(815301076,1909f56bfc062723c751e8b465ee728b)  -> (artifact id: 'f796d24d1e2ccffb6a33453a7614b252') in 0.091447 seconds
Number of updated asset objects reloaded before import = 0
Number of asset objects unloaded after import = 20
========================================================================
Received Import Request.
  Time since last request: 17.608219 seconds.
  path: Assets/Textures/Characters/Customer_GRP_Walk.aseprite
  artifactKey: Guid(bb3fefd63da2f3f47b0f8637f514565b) Importer(815301076,1909f56bfc062723c751e8b465ee728b)
Start importing Assets/Textures/Characters/Customer_GRP_Walk.aseprite using Guid(bb3fefd63da2f3f47b0f8637f514565b) Importer(815301076,1909f56bfc062723c751e8b465ee728b)  -> (artifact id: '5180beef7e0e22151c64a9477dc685df') in 0.024560 seconds
Number of updated asset objects reloaded before import = 0
Number of asset objects unloaded after import = 15
========================================================================
Received Import Request.
  Time since last request: 2734.391067 seconds.
  path: Assets/Textures/Characters/Customer_GRP_Base.aseprite
  artifactKey: Guid(af27ff3680064014b9479bf22ca3869d) Importer(815301076,1909f56bfc062723c751e8b465ee728b)
Start importing Assets/Textures/Characters/Customer_GRP_Base.aseprite using Guid(af27ff3680064014b9479bf22ca3869d) Importer(815301076,1909f56bfc062723c751e8b465ee728b)  -> (artifact id: '6f24b9cdc02ccd785081cafc61552222') in 0.150603 seconds
Number of updated asset objects reloaded before import = 0
Number of asset objects unloaded after import = 20
========================================================================
Received Import Request.
  Time since last request: 1241.657151 seconds.
  path: Assets/Textures/Characters/Customer_GRP_Base.aseprite
  artifactKey: Guid(af27ff3680064014b9479bf22ca3869d) Importer(815301076,1909f56bfc062723c751e8b465ee728b)
Start importing Assets/Textures/Characters/Customer_GRP_Base.aseprite using Guid(af27ff3680064014b9479bf22ca3869d) Importer(815301076,1909f56bfc062723c751e8b465ee728b)  -> (artifact id: '6615636160cc9029e8dff52f26b463bc') in 0.071674 seconds
Number of updated asset objects reloaded before import = 0
Number of asset objects unloaded after import = 20
========================================================================
Received Import Request.
  Time since last request: 49.676660 seconds.
  path: Assets/Textures/Characters/Customer_GRP_Base.aseprite
  artifactKey: Guid(af27ff3680064014b9479bf22ca3869d) Importer(815301076,1909f56bfc062723c751e8b465ee728b)
Start importing Assets/Textures/Characters/Customer_GRP_Base.aseprite using Guid(af27ff3680064014b9479bf22ca3869d) Importer(815301076,1909f56bfc062723c751e8b465ee728b)  -> (artifact id: 'c221c2a14e548e6e1ccc6a8c1dc77c03') in 0.046076 seconds
Number of updated asset objects reloaded before import = 0
Number of asset objects unloaded after import = 20
========================================================================
Received Import Request.
  Time since last request: 66.890962 seconds.
  path: Assets/Textures/Characters/Customer_GRP_Base.aseprite
  artifactKey: Guid(af27ff3680064014b9479bf22ca3869d) Importer(815301076,1909f56bfc062723c751e8b465ee728b)
Start importing Assets/Textures/Characters/Customer_GRP_Base.aseprite using Guid(af27ff3680064014b9479bf22ca3869d) Importer(815301076,1909f56bfc062723c751e8b465ee728b)  -> (artifact id: '6f3f4821faf2ef1e3efb1659fe5b5542') in 0.034855 seconds
Number of updated asset objects reloaded before import = 0
Number of asset objects unloaded after import = 20
========================================================================
Received Import Request.
  Time since last request: 14.035435 seconds.
  path: Assets/Textures/Characters/Customer_GRP_Base.aseprite
  artifactKey: Guid(af27ff3680064014b9479bf22ca3869d) Importer(815301076,1909f56bfc062723c751e8b465ee728b)
Start importing Assets/Textures/Characters/Customer_GRP_Base.aseprite using Guid(af27ff3680064014b9479bf22ca3869d) Importer(815301076,1909f56bfc062723c751e8b465ee728b)  -> (artifact id: '8f7a408f7488921976af80087263d87b') in 0.058890 seconds
Number of updated asset objects reloaded before import = 0
Number of asset objects unloaded after import = 20
========================================================================
Received Import Request.
  Time since last request: 190.027988 seconds.
  path: Assets/Textures/Characters/Customer_GRP_Base.aseprite
  artifactKey: Guid(af27ff3680064014b9479bf22ca3869d) Importer(815301076,1909f56bfc062723c751e8b465ee728b)
Start importing Assets/Textures/Characters/Customer_GRP_Base.aseprite using Guid(af27ff3680064014b9479bf22ca3869d) Importer(815301076,1909f56bfc062723c751e8b465ee728b)  -> (artifact id: '42e5411d086e694282aaebc1a33556f0') in 0.047012 seconds
Number of updated asset objects reloaded before import = 0
Number of asset objects unloaded after import = 20
========================================================================
Received Import Request.
  Time since last request: 54.471159 seconds.
  path: Assets/Textures/Characters/Customer_GRP_Base.aseprite
  artifactKey: Guid(af27ff3680064014b9479bf22ca3869d) Importer(815301076,1909f56bfc062723c751e8b465ee728b)
Start importing Assets/Textures/Characters/Customer_GRP_Base.aseprite using Guid(af27ff3680064014b9479bf22ca3869d) Importer(815301076,1909f56bfc062723c751e8b465ee728b)  -> (artifact id: '4d385c731e84884c99d75f02adce23a1') in 0.086226 seconds
Number of updated asset objects reloaded before import = 0
Number of asset objects unloaded after import = 20
========================================================================
Received Import Request.
  Time since last request: 396.626840 seconds.
  path: Assets/Textures/Characters/Customer_GRP_Base.aseprite
  artifactKey: Guid(af27ff3680064014b9479bf22ca3869d) Importer(815301076,1909f56bfc062723c751e8b465ee728b)
Start importing Assets/Textures/Characters/Customer_GRP_Base.aseprite using Guid(af27ff3680064014b9479bf22ca3869d) Importer(815301076,1909f56bfc062723c751e8b465ee728b)  -> (artifact id: '6c87b780cf9402c92d3ad1bf03d6b20d') in 0.056220 seconds
Number of updated asset objects reloaded before import = 0
Number of asset objects unloaded after import = 20
========================================================================
Received Import Request.
  Time since last request: 244.939132 seconds.
  path: Assets/Textures/Characters/Customer_GRP_Walk.aseprite
  artifactKey: Guid(bb3fefd63da2f3f47b0f8637f514565b) Importer(815301076,1909f56bfc062723c751e8b465ee728b)
Start importing Assets/Textures/Characters/Customer_GRP_Walk.aseprite using Guid(bb3fefd63da2f3f47b0f8637f514565b) Importer(815301076,1909f56bfc062723c751e8b465ee728b)  -> (artifact id: '0cd5306c099b658ce0fdd91c63392eee') in 0.041275 seconds
Number of updated asset objects reloaded before import = 0
Number of asset objects unloaded after import = 15
========================================================================
Received Import Request.
  Time since last request: 103.959345 seconds.
  path: Assets/Textures/Characters/Customer_GRP_Walk.aseprite
  artifactKey: Guid(bb3fefd63da2f3f47b0f8637f514565b) Importer(815301076,1909f56bfc062723c751e8b465ee728b)
Start importing Assets/Textures/Characters/Customer_GRP_Walk.aseprite using Guid(bb3fefd63da2f3f47b0f8637f514565b) Importer(815301076,1909f56bfc062723c751e8b465ee728b)  -> (artifact id: '24ac334f7d1b71dd1646b57e35a6734e') in 0.029713 seconds
Number of updated asset objects reloaded before import = 0
Number of asset objects unloaded after import = 15
========================================================================
Received Import Request.
  Time since last request: 128.419862 seconds.
  path: Assets/Textures/Characters/Customer_GRP_Walk.aseprite
  artifactKey: Guid(bb3fefd63da2f3f47b0f8637f514565b) Importer(815301076,1909f56bfc062723c751e8b465ee728b)
Start importing Assets/Textures/Characters/Customer_GRP_Walk.aseprite using Guid(bb3fefd63da2f3f47b0f8637f514565b) Importer(815301076,1909f56bfc062723c751e8b465ee728b)  -> (artifact id: '0e255bf18beab0122cc855a68a131600') in 0.032075 seconds
Number of updated asset objects reloaded before import = 0
Number of asset objects unloaded after import = 15
========================================================================
Received Import Request.
  Time since last request: 278.498442 seconds.
  path: Assets/Textures/Characters/Customer_GRP_Walk.aseprite
  artifactKey: Guid(bb3fefd63da2f3f47b0f8637f514565b) Importer(815301076,1909f56bfc062723c751e8b465ee728b)
Start importing Assets/Textures/Characters/Customer_GRP_Walk.aseprite using Guid(bb3fefd63da2f3f47b0f8637f514565b) Importer(815301076,1909f56bfc062723c751e8b465ee728b)  -> (artifact id: 'ad009d023a681234344507d6f1f93b5f') in 0.047425 seconds
Number of updated asset objects reloaded before import = 0
Number of asset objects unloaded after import = 15
========================================================================
Received Import Request.
  Time since last request: 75.891100 seconds.
  path: Assets/Textures/Characters/Customer_GRP_Walk.aseprite
  artifactKey: Guid(bb3fefd63da2f3f47b0f8637f514565b) Importer(815301076,1909f56bfc062723c751e8b465ee728b)
Start importing Assets/Textures/Characters/Customer_GRP_Walk.aseprite using Guid(bb3fefd63da2f3f47b0f8637f514565b) Importer(815301076,1909f56bfc062723c751e8b465ee728b)  -> (artifact id: '82fcd178575a770275c43dd8e7fd7d09') in 0.026475 seconds
Number of updated asset objects reloaded before import = 0
Number of asset objects unloaded after import = 15
========================================================================
Received Import Request.
  Time since last request: 41.899288 seconds.
  path: Assets/Textures/Characters/Customer_GRP_Walk.aseprite
  artifactKey: Guid(bb3fefd63da2f3f47b0f8637f514565b) Importer(815301076,1909f56bfc062723c751e8b465ee728b)
Start importing Assets/Textures/Characters/Customer_GRP_Walk.aseprite using Guid(bb3fefd63da2f3f47b0f8637f514565b) Importer(815301076,1909f56bfc062723c751e8b465ee728b)  -> (artifact id: 'd2cb0bc1b24567043426c95bee9522f7') in 0.027964 seconds
Number of updated asset objects reloaded before import = 0
Number of asset objects unloaded after import = 15
========================================================================
Received Import Request.
  Time since last request: 95.077310 seconds.
  path: Assets/Textures/Characters/Customer_GRP_Walk.aseprite
  artifactKey: Guid(bb3fefd63da2f3f47b0f8637f514565b) Importer(815301076,1909f56bfc062723c751e8b465ee728b)
Start importing Assets/Textures/Characters/Customer_GRP_Walk.aseprite using Guid(bb3fefd63da2f3f47b0f8637f514565b) Importer(815301076,1909f56bfc062723c751e8b465ee728b)  -> (artifact id: '435fdca295fb5b88cfe41cbc80a1c324') in 0.030503 seconds
Number of updated asset objects reloaded before import = 0
Number of asset objects unloaded after import = 15
========================================================================
Received Import Request.
  Time since last request: 48.664951 seconds.
  path: Assets/Textures/Characters/Customer_GRP_Walk.aseprite
  artifactKey: Guid(bb3fefd63da2f3f47b0f8637f514565b) Importer(815301076,1909f56bfc062723c751e8b465ee728b)
Start importing Assets/Textures/Characters/Customer_GRP_Walk.aseprite using Guid(bb3fefd63da2f3f47b0f8637f514565b) Importer(815301076,1909f56bfc062723c751e8b465ee728b)  -> (artifact id: '1cb294dae6d43810e429f0672f1b98b6') in 0.035190 seconds
Number of updated asset objects reloaded before import = 0
Number of asset objects unloaded after import = 15
========================================================================
Received Import Request.
  Time since last request: 108.547423 seconds.
  path: Assets/Textures/Characters/Customer_War_Walk.aseprite
  artifactKey: Guid(a5eb395f818e3f8439396e1fcf163cb2) Importer(815301076,1909f56bfc062723c751e8b465ee728b)
Start importing Assets/Textures/Characters/Customer_War_Walk.aseprite using Guid(a5eb395f818e3f8439396e1fcf163cb2) Importer(815301076,1909f56bfc062723c751e8b465ee728b)  -> (artifact id: '3c8af51bd5e2b7506824bb140f82fdbc') in 0.029454 seconds
Number of updated asset objects reloaded before import = 0
Number of asset objects unloaded after import = 15
========================================================================
Received Import Request.
  Time since last request: 1.760356 seconds.
  path: Assets/Textures/Characters/Customer_GRP_Base.aseprite
  artifactKey: Guid(af27ff3680064014b9479bf22ca3869d) Importer(815301076,1909f56bfc062723c751e8b465ee728b)
Start importing Assets/Textures/Characters/Customer_GRP_Base.aseprite using Guid(af27ff3680064014b9479bf22ca3869d) Importer(815301076,1909f56bfc062723c751e8b465ee728b)  -> (artifact id: '43a71c654f978ca64f10ef35b566c359') in 0.033125 seconds
Number of updated asset objects reloaded before import = 0
Number of asset objects unloaded after import = 20
========================================================================
Received Import Request.
  Time since last request: 6.879326 seconds.
  path: Assets/Textures/Characters/Customer_War_Base.aseprite
  artifactKey: Guid(48131172f1df7bf4ea8a5fdb15425ac2) Importer(815301076,1909f56bfc062723c751e8b465ee728b)
Start importing Assets/Textures/Characters/Customer_War_Base.aseprite using Guid(48131172f1df7bf4ea8a5fdb15425ac2) Importer(815301076,1909f56bfc062723c751e8b465ee728b)  -> (artifact id: '3609b8b6287648c6b3eef2875557e9a9') in 0.031310 seconds
Number of updated asset objects reloaded before import = 0
Number of asset objects unloaded after import = 20
========================================================================
Received Import Request.
  Time since last request: 51.478070 seconds.
  path: Assets/Textures/Characters/Customer_War_Walk.aseprite
  artifactKey: Guid(a5eb395f818e3f8439396e1fcf163cb2) Importer(815301076,1909f56bfc062723c751e8b465ee728b)
Start importing Assets/Textures/Characters/Customer_War_Walk.aseprite using Guid(a5eb395f818e3f8439396e1fcf163cb2) Importer(815301076,1909f56bfc062723c751e8b465ee728b)  -> (artifact id: 'bf79c17d4025edc41669ddd50816d666') in 0.028906 seconds
Number of updated asset objects reloaded before import = 0
Number of asset objects unloaded after import = 15
========================================================================
Received Import Request.
  Time since last request: 105.031308 seconds.
  path: Assets/Textures/Characters/Customer_GRP_Walk.aseprite
  artifactKey: Guid(bb3fefd63da2f3f47b0f8637f514565b) Importer(815301076,1909f56bfc062723c751e8b465ee728b)
Start importing Assets/Textures/Characters/Customer_GRP_Walk.aseprite using Guid(bb3fefd63da2f3f47b0f8637f514565b) Importer(815301076,1909f56bfc062723c751e8b465ee728b)  -> (artifact id: 'b8610cefd2f322d7097fb087c6ed37f5') in 0.066825 seconds
Number of updated asset objects reloaded before import = 0
Number of asset objects unloaded after import = 15
========================================================================
Received Import Request.
  Time since last request: 42.500834 seconds.
  path: Assets/Textures/Characters/Customer_War_Walk.aseprite
  artifactKey: Guid(a5eb395f818e3f8439396e1fcf163cb2) Importer(815301076,1909f56bfc062723c751e8b465ee728b)
Start importing Assets/Textures/Characters/Customer_War_Walk.aseprite using Guid(a5eb395f818e3f8439396e1fcf163cb2) Importer(815301076,1909f56bfc062723c751e8b465ee728b)  -> (artifact id: 'bc6badde3fa3003b9706d65886d30482') in 0.032500 seconds
Number of updated asset objects reloaded before import = 0
Number of asset objects unloaded after import = 15
========================================================================
Received Import Request.
  Time since last request: 107.103694 seconds.
  path: Assets/Textures/Characters/Customer_War_Walk.aseprite
  artifactKey: Guid(a5eb395f818e3f8439396e1fcf163cb2) Importer(815301076,1909f56bfc062723c751e8b465ee728b)
Start importing Assets/Textures/Characters/Customer_War_Walk.aseprite using Guid(a5eb395f818e3f8439396e1fcf163cb2) Importer(815301076,1909f56bfc062723c751e8b465ee728b)  -> (artifact id: 'ed6e0a0d2721e0fefb6f2f6c75ca7731') in 0.026242 seconds
Number of updated asset objects reloaded before import = 0
Number of asset objects unloaded after import = 15
========================================================================
Received Import Request.
  Time since last request: 12.814297 seconds.
  path: Assets/Textures/Characters/Customer_War_Walk.aseprite
  artifactKey: Guid(a5eb395f818e3f8439396e1fcf163cb2) Importer(815301076,1909f56bfc062723c751e8b465ee728b)
Start importing Assets/Textures/Characters/Customer_War_Walk.aseprite using Guid(a5eb395f818e3f8439396e1fcf163cb2) Importer(815301076,1909f56bfc062723c751e8b465ee728b)  -> (artifact id: 'd78eb05fb24df1b4f55516c299a66c60') in 0.026661 seconds
Number of updated asset objects reloaded before import = 0
Number of asset objects unloaded after import = 15
========================================================================
Received Import Request.
  Time since last request: 1159.308639 seconds.
  path: Assets/Textures/Characters/Customer_War_Walk.aseprite
  artifactKey: Guid(a5eb395f818e3f8439396e1fcf163cb2) Importer(815301076,1909f56bfc062723c751e8b465ee728b)
Start importing Assets/Textures/Characters/Customer_War_Walk.aseprite using Guid(a5eb395f818e3f8439396e1fcf163cb2) Importer(815301076,1909f56bfc062723c751e8b465ee728b)  -> (artifact id: '58a61b429722a8e0fada563617d06dbb') in 0.041022 seconds
Number of updated asset objects reloaded before import = 0
Number of asset objects unloaded after import = 15
========================================================================
Received Import Request.
  Time since last request: 46.276769 seconds.
  path: Assets/Textures/Characters/Customer_War_Walk.aseprite
  artifactKey: Guid(a5eb395f818e3f8439396e1fcf163cb2) Importer(815301076,1909f56bfc062723c751e8b465ee728b)
Start importing Assets/Textures/Characters/Customer_War_Walk.aseprite using Guid(a5eb395f818e3f8439396e1fcf163cb2) Importer(815301076,1909f56bfc062723c751e8b465ee728b)  -> (artifact id: '819f199fe400cd2a5a9da203fa94b65a') in 0.029158 seconds
Number of updated asset objects reloaded before import = 0
Number of asset objects unloaded after import = 15
========================================================================
Received Import Request.
  Time since last request: 292.279945 seconds.
  path: Assets/Textures/Characters/Customer_War_Walk.aseprite
  artifactKey: Guid(a5eb395f818e3f8439396e1fcf163cb2) Importer(815301076,1909f56bfc062723c751e8b465ee728b)
Start importing Assets/Textures/Characters/Customer_War_Walk.aseprite using Guid(a5eb395f818e3f8439396e1fcf163cb2) Importer(815301076,1909f56bfc062723c751e8b465ee728b)  -> (artifact id: 'eb40381a8d44e1e9555572baefb16b7b') in 0.040252 seconds
Number of updated asset objects reloaded before import = 0
Number of asset objects unloaded after import = 15
========================================================================
Received Import Request.
  Time since last request: 154.939872 seconds.
  path: Assets/Textures/Characters/Customer_War_Walk.aseprite
  artifactKey: Guid(a5eb395f818e3f8439396e1fcf163cb2) Importer(815301076,1909f56bfc062723c751e8b465ee728b)
Start importing Assets/Textures/Characters/Customer_War_Walk.aseprite using Guid(a5eb395f818e3f8439396e1fcf163cb2) Importer(815301076,1909f56bfc062723c751e8b465ee728b)  -> (artifact id: '54f19289f19fac978076346fdd5d4a85') in 0.035951 seconds
Number of updated asset objects reloaded before import = 0
Number of asset objects unloaded after import = 15
========================================================================
Received Import Request.
  Time since last request: 431.522429 seconds.
  path: Assets/Textures/Characters/Customer_War_Walk.aseprite
  artifactKey: Guid(a5eb395f818e3f8439396e1fcf163cb2) Importer(815301076,1909f56bfc062723c751e8b465ee728b)
Start importing Assets/Textures/Characters/Customer_War_Walk.aseprite using Guid(a5eb395f818e3f8439396e1fcf163cb2) Importer(815301076,1909f56bfc062723c751e8b465ee728b)  -> (artifact id: '71b730502a812b69c896ac906b321df7') in 0.034503 seconds
Number of updated asset objects reloaded before import = 0
Number of asset objects unloaded after import = 15
========================================================================
Received Import Request.
  Time since last request: 321.925278 seconds.
  path: Assets/Textures/Characters/Customer_War_Walk.aseprite
  artifactKey: Guid(a5eb395f818e3f8439396e1fcf163cb2) Importer(815301076,1909f56bfc062723c751e8b465ee728b)
Start importing Assets/Textures/Characters/Customer_War_Walk.aseprite using Guid(a5eb395f818e3f8439396e1fcf163cb2) Importer(815301076,1909f56bfc062723c751e8b465ee728b)  -> (artifact id: '902d0a513819328ebcc01412f4394bd0') in 0.035237 seconds
Number of updated asset objects reloaded before import = 0
Number of asset objects unloaded after import = 15
========================================================================
Received Import Request.
  Time since last request: 100.457174 seconds.
  path: Assets/Textures/Characters/Customer_War_Walk.aseprite
  artifactKey: Guid(a5eb395f818e3f8439396e1fcf163cb2) Importer(815301076,1909f56bfc062723c751e8b465ee728b)
Start importing Assets/Textures/Characters/Customer_War_Walk.aseprite using Guid(a5eb395f818e3f8439396e1fcf163cb2) Importer(815301076,1909f56bfc062723c751e8b465ee728b)  -> (artifact id: '709f51bdb54b8675afde68cea4560b4f') in 0.061646 seconds
Number of updated asset objects reloaded before import = 0
Number of asset objects unloaded after import = 15
========================================================================
Received Import Request.
  Time since last request: 101.642227 seconds.
  path: Assets/Textures/Characters/Customer_War_Walk.aseprite
  artifactKey: Guid(a5eb395f818e3f8439396e1fcf163cb2) Importer(815301076,1909f56bfc062723c751e8b465ee728b)
Start importing Assets/Textures/Characters/Customer_War_Walk.aseprite using Guid(a5eb395f818e3f8439396e1fcf163cb2) Importer(815301076,1909f56bfc062723c751e8b465ee728b)  -> (artifact id: '0a14b7a5125a8201d06e0b72fbac4baf') in 0.026817 seconds
Number of updated asset objects reloaded before import = 0
Number of asset objects unloaded after import = 15
========================================================================
Received Import Request.
  Time since last request: 330.590806 seconds.
  path: Assets/Textures/Characters/Customer_War_Base.aseprite
  artifactKey: Guid(48131172f1df7bf4ea8a5fdb15425ac2) Importer(815301076,1909f56bfc062723c751e8b465ee728b)
Start importing Assets/Textures/Characters/Customer_War_Base.aseprite using Guid(48131172f1df7bf4ea8a5fdb15425ac2) Importer(815301076,1909f56bfc062723c751e8b465ee728b)  -> (artifact id: '02a49552a60da9597c308aec8b48e819') in 0.075146 seconds
Number of updated asset objects reloaded before import = 0
Number of asset objects unloaded after import = 20
========================================================================
Received Import Request.
  Time since last request: 17.504717 seconds.
  path: Assets/Textures/Characters/Customer_War_Base.aseprite
  artifactKey: Guid(48131172f1df7bf4ea8a5fdb15425ac2) Importer(815301076,1909f56bfc062723c751e8b465ee728b)
Start importing Assets/Textures/Characters/Customer_War_Base.aseprite using Guid(48131172f1df7bf4ea8a5fdb15425ac2) Importer(815301076,1909f56bfc062723c751e8b465ee728b)  -> (artifact id: '8014a955f56a6b73b7d67cb209b4c7e6') in 0.066633 seconds
Number of updated asset objects reloaded before import = 0
Number of asset objects unloaded after import = 20
========================================================================
Received Import Request.
  Time since last request: 40.007331 seconds.
  path: Assets/Textures/Characters/Customer_War_Base.aseprite
  artifactKey: Guid(48131172f1df7bf4ea8a5fdb15425ac2) Importer(815301076,1909f56bfc062723c751e8b465ee728b)
Start importing Assets/Textures/Characters/Customer_War_Base.aseprite using Guid(48131172f1df7bf4ea8a5fdb15425ac2) Importer(815301076,1909f56bfc062723c751e8b465ee728b)  -> (artifact id: '3a114bb41b67e7adf21f9dffbe7f9ebc') in 0.083239 seconds
Number of updated asset objects reloaded before import = 0
Number of asset objects unloaded after import = 20
========================================================================
Received Import Request.
  Time since last request: 186.992322 seconds.
  path: Assets/Textures/Characters/Customer_War_Base.aseprite
  artifactKey: Guid(48131172f1df7bf4ea8a5fdb15425ac2) Importer(815301076,1909f56bfc062723c751e8b465ee728b)
Start importing Assets/Textures/Characters/Customer_War_Base.aseprite using Guid(48131172f1df7bf4ea8a5fdb15425ac2) Importer(815301076,1909f56bfc062723c751e8b465ee728b)  -> (artifact id: '03338f7f2ea26a7b87635cf2a5f837c0') in 0.030722 seconds
Number of updated asset objects reloaded before import = 0
Number of asset objects unloaded after import = 20
========================================================================
Received Import Request.
  Time since last request: 27.464667 seconds.
  path: Assets/Textures/Characters/Customer_War_Base.aseprite
  artifactKey: Guid(48131172f1df7bf4ea8a5fdb15425ac2) Importer(815301076,1909f56bfc062723c751e8b465ee728b)
Start importing Assets/Textures/Characters/Customer_War_Base.aseprite using Guid(48131172f1df7bf4ea8a5fdb15425ac2) Importer(815301076,1909f56bfc062723c751e8b465ee728b)  -> (artifact id: 'ab7c0e3e47481fafb216d52402030904') in 0.050001 seconds
Number of updated asset objects reloaded before import = 0
Number of asset objects unloaded after import = 20
========================================================================
Received Import Request.
  Time since last request: 36.324428 seconds.
  path: Assets/Textures/Characters/Customer_War_Base.aseprite
  artifactKey: Guid(48131172f1df7bf4ea8a5fdb15425ac2) Importer(815301076,1909f56bfc062723c751e8b465ee728b)
Start importing Assets/Textures/Characters/Customer_War_Base.aseprite using Guid(48131172f1df7bf4ea8a5fdb15425ac2) Importer(815301076,1909f56bfc062723c751e8b465ee728b)  -> (artifact id: '2af9ddba466c243959aec310d3cb4c22') in 0.037489 seconds
Number of updated asset objects reloaded before import = 0
Number of asset objects unloaded after import = 20
========================================================================
Received Import Request.
  Time since last request: 13.411437 seconds.
  path: Assets/Textures/Characters/Customer_War_Base.aseprite
  artifactKey: Guid(48131172f1df7bf4ea8a5fdb15425ac2) Importer(815301076,1909f56bfc062723c751e8b465ee728b)
Start importing Assets/Textures/Characters/Customer_War_Base.aseprite using Guid(48131172f1df7bf4ea8a5fdb15425ac2) Importer(815301076,1909f56bfc062723c751e8b465ee728b)  -> (artifact id: 'a082dbe93e1b925b48cbdf1cb0e09dd2') in 0.053031 seconds
Number of updated asset objects reloaded before import = 0
Number of asset objects unloaded after import = 20
========================================================================
Received Import Request.
  Time since last request: 3.488848 seconds.
  path: Assets/Textures/Characters/Customer_War_Base.aseprite
  artifactKey: Guid(48131172f1df7bf4ea8a5fdb15425ac2) Importer(815301076,1909f56bfc062723c751e8b465ee728b)
Start importing Assets/Textures/Characters/Customer_War_Base.aseprite using Guid(48131172f1df7bf4ea8a5fdb15425ac2) Importer(815301076,1909f56bfc062723c751e8b465ee728b)  -> (artifact id: 'b42b59084ee4747f12a2a5b485d6ae12') in 0.032976 seconds
Number of updated asset objects reloaded before import = 0
Number of asset objects unloaded after import = 20
========================================================================
Received Import Request.
  Time since last request: 114.795304 seconds.
  path: Assets/Textures/Characters/Customer_War_Base.aseprite
  artifactKey: Guid(48131172f1df7bf4ea8a5fdb15425ac2) Importer(815301076,1909f56bfc062723c751e8b465ee728b)
Start importing Assets/Textures/Characters/Customer_War_Base.aseprite using Guid(48131172f1df7bf4ea8a5fdb15425ac2) Importer(815301076,1909f56bfc062723c751e8b465ee728b)  -> (artifact id: '481087a023fefc6e8e9b9b1f266befdd') in 0.035720 seconds
Number of updated asset objects reloaded before import = 0
Number of asset objects unloaded after import = 20
========================================================================
Received Import Request.
  Time since last request: 81.036586 seconds.
  path: Assets/Textures/Characters/Customer_War_Base.aseprite
  artifactKey: Guid(48131172f1df7bf4ea8a5fdb15425ac2) Importer(815301076,1909f56bfc062723c751e8b465ee728b)
Start importing Assets/Textures/Characters/Customer_War_Base.aseprite using Guid(48131172f1df7bf4ea8a5fdb15425ac2) Importer(815301076,1909f56bfc062723c751e8b465ee728b)  -> (artifact id: '32c33181c50a067a725413c4cedc0943') in 0.059628 seconds
Number of updated asset objects reloaded before import = 0
Number of asset objects unloaded after import = 20
========================================================================
Received Import Request.
  Time since last request: 81.445092 seconds.
  path: Assets/Textures/Characters/Customer_War_Base.aseprite
  artifactKey: Guid(48131172f1df7bf4ea8a5fdb15425ac2) Importer(815301076,1909f56bfc062723c751e8b465ee728b)
Start importing Assets/Textures/Characters/Customer_War_Base.aseprite using Guid(48131172f1df7bf4ea8a5fdb15425ac2) Importer(815301076,1909f56bfc062723c751e8b465ee728b)  -> (artifact id: '7260928cad0a831f85e4457a11f3a076') in 0.050493 seconds
Number of updated asset objects reloaded before import = 0
Number of asset objects unloaded after import = 20
========================================================================
Received Import Request.
  Time since last request: 48.966826 seconds.
  path: Assets/Textures/Characters/Customer_War_Base.aseprite
  artifactKey: Guid(48131172f1df7bf4ea8a5fdb15425ac2) Importer(815301076,1909f56bfc062723c751e8b465ee728b)
Start importing Assets/Textures/Characters/Customer_War_Base.aseprite using Guid(48131172f1df7bf4ea8a5fdb15425ac2) Importer(815301076,1909f56bfc062723c751e8b465ee728b)  -> (artifact id: '37ced16e4fb9e152f38c15e665b471bb') in 0.042133 seconds
Number of updated asset objects reloaded before import = 0
Number of asset objects unloaded after import = 20
========================================================================
Received Import Request.
  Time since last request: 177.840819 seconds.
  path: Assets/Textures/Characters/Customer_War_Base.aseprite
  artifactKey: Guid(48131172f1df7bf4ea8a5fdb15425ac2) Importer(815301076,1909f56bfc062723c751e8b465ee728b)
Start importing Assets/Textures/Characters/Customer_War_Base.aseprite using Guid(48131172f1df7bf4ea8a5fdb15425ac2) Importer(815301076,1909f56bfc062723c751e8b465ee728b)  -> (artifact id: '6d57fc2414050159398a3604dede76ae') in 0.071610 seconds
Number of updated asset objects reloaded before import = 0
Number of asset objects unloaded after import = 20
========================================================================
Received Import Request.
  Time since last request: 22.978550 seconds.
  path: Assets/Textures/Characters/Customer_War_Base.aseprite
  artifactKey: Guid(48131172f1df7bf4ea8a5fdb15425ac2) Importer(815301076,1909f56bfc062723c751e8b465ee728b)
Start importing Assets/Textures/Characters/Customer_War_Base.aseprite using Guid(48131172f1df7bf4ea8a5fdb15425ac2) Importer(815301076,1909f56bfc062723c751e8b465ee728b)  -> (artifact id: '75e5a07b2f9c83049bd9a45730c035b2') in 0.083367 seconds
Number of updated asset objects reloaded before import = 0
Number of asset objects unloaded after import = 20
========================================================================
Received Import Request.
  Time since last request: 37.518608 seconds.
  path: Assets/Textures/Characters/Customer_War_Base.aseprite
  artifactKey: Guid(48131172f1df7bf4ea8a5fdb15425ac2) Importer(815301076,1909f56bfc062723c751e8b465ee728b)
Start importing Assets/Textures/Characters/Customer_War_Base.aseprite using Guid(48131172f1df7bf4ea8a5fdb15425ac2) Importer(815301076,1909f56bfc062723c751e8b465ee728b)  -> (artifact id: '36ae7a6b095ad38c232a658fd284c92b') in 0.042481 seconds
Number of updated asset objects reloaded before import = 0
Number of asset objects unloaded after import = 20
========================================================================
Received Import Request.
  Time since last request: 198.336613 seconds.
  path: Assets/Textures/Characters/Customer_War_Base.aseprite
  artifactKey: Guid(48131172f1df7bf4ea8a5fdb15425ac2) Importer(815301076,1909f56bfc062723c751e8b465ee728b)
Start importing Assets/Textures/Characters/Customer_War_Base.aseprite using Guid(48131172f1df7bf4ea8a5fdb15425ac2) Importer(815301076,1909f56bfc062723c751e8b465ee728b)  -> (artifact id: 'd5c65daed4fce05f92e5704a10e3a852') in 0.047752 seconds
Number of updated asset objects reloaded before import = 0
Number of asset objects unloaded after import = 20
========================================================================
Received Import Request.
  Time since last request: 8.526740 seconds.
  path: Assets/Textures/Characters/Customer_War_Base.aseprite
  artifactKey: Guid(48131172f1df7bf4ea8a5fdb15425ac2) Importer(815301076,1909f56bfc062723c751e8b465ee728b)
Start importing Assets/Textures/Characters/Customer_War_Base.aseprite using Guid(48131172f1df7bf4ea8a5fdb15425ac2) Importer(815301076,1909f56bfc062723c751e8b465ee728b)  -> (artifact id: 'dbc3e6cdce392eecf93bc56b20f2b55f') in 0.035451 seconds
Number of updated asset objects reloaded before import = 0
Number of asset objects unloaded after import = 20
========================================================================
Received Import Request.
  Time since last request: 55.233598 seconds.
  path: Assets/Textures/Characters/Customer_War_Walk.aseprite
  artifactKey: Guid(a5eb395f818e3f8439396e1fcf163cb2) Importer(815301076,1909f56bfc062723c751e8b465ee728b)
Start importing Assets/Textures/Characters/Customer_War_Walk.aseprite using Guid(a5eb395f818e3f8439396e1fcf163cb2) Importer(815301076,1909f56bfc062723c751e8b465ee728b)  -> (artifact id: 'b84471687a6c2a7103c214ea53fa2ea9') in 0.025766 seconds
Number of updated asset objects reloaded before import = 0
Number of asset objects unloaded after import = 15
========================================================================
Received Import Request.
  Time since last request: 18.906153 seconds.
  path: Assets/Textures/Characters/Customer
  artifactKey: Guid(f2bc49d8c3f16da44926797d0d288684) Importer(815301076,1909f56bfc062723c751e8b465ee728b)
Start importing Assets/Textures/Characters/Customer using Guid(f2bc49d8c3f16da44926797d0d288684) Importer(815301076,1909f56bfc062723c751e8b465ee728b)  -> (artifact id: 'daae105c88056e6d3ea50d09eae94a3a') in 0.000465 seconds
Number of updated asset objects reloaded before import = 0
Number of asset objects unloaded after import = 0
========================================================================
Received Import Request.
  Time since last request: 40.467552 seconds.
  path: Assets/Textures/Characters/Customer/Customer_Base.aseprite
  artifactKey: Guid(4ec82659235788f48b4687dfa52df710) Importer(815301076,1909f56bfc062723c751e8b465ee728b)
Start importing Assets/Textures/Characters/Customer/Customer_Base.aseprite using Guid(4ec82659235788f48b4687dfa52df710) Importer(815301076,1909f56bfc062723c751e8b465ee728b)  -> (artifact id: '3cea7eba2af423a667561c7a91a2f121') in 0.039181 seconds
Number of updated asset objects reloaded before import = 0
Number of asset objects unloaded after import = 20
========================================================================
Received Import Request.
  Time since last request: 0.002786 seconds.
  path: Assets/Textures/Characters/Customer/Customer_GRP_Base.aseprite
  artifactKey: Guid(af27ff3680064014b9479bf22ca3869d) Importer(815301076,1909f56bfc062723c751e8b465ee728b)
Start importing Assets/Textures/Characters/Customer/Customer_GRP_Base.aseprite using Guid(af27ff3680064014b9479bf22ca3869d) Importer(815301076,1909f56bfc062723c751e8b465ee728b)  -> (artifact id: '31018e0a1e641f13bc2c63f96e4243d1') in 0.052839 seconds
Number of updated asset objects reloaded before import = 0
Number of asset objects unloaded after import = 20
========================================================================
Received Import Request.
  Time since last request: 0.000013 seconds.
  path: Assets/Textures/Characters/Customer/Customer_W2_Walk.aseprite
  artifactKey: Guid(f8f409b8a56e6d44a9e1ce6f3f3166d5) Importer(815301076,1909f56bfc062723c751e8b465ee728b)
Start importing Assets/Textures/Characters/Customer/Customer_W2_Walk.aseprite using Guid(f8f409b8a56e6d44a9e1ce6f3f3166d5) Importer(815301076,1909f56bfc062723c751e8b465ee728b)  -> (artifact id: '942c17784b27ebe68c65530528d22895') in 0.035312 seconds
Number of updated asset objects reloaded before import = 0
Number of asset objects unloaded after import = 15
========================================================================
Received Import Request.
  Time since last request: 0.000019 seconds.
  path: Assets/Textures/Characters/Customer/Customer_W2_Base.aseprite
  artifactKey: Guid(063b71f536f56994fb53469f50a00881) Importer(815301076,1909f56bfc062723c751e8b465ee728b)
Start importing Assets/Textures/Characters/Customer/Customer_W2_Base.aseprite using Guid(063b71f536f56994fb53469f50a00881) Importer(815301076,1909f56bfc062723c751e8b465ee728b)  -> (artifact id: 'cbf6cf62ac819e1c1a0b782f24033cfd') in 0.055703 seconds
Number of updated asset objects reloaded before import = 0
Number of asset objects unloaded after import = 20
========================================================================
Received Import Request.
  Time since last request: 0.000019 seconds.
  path: Assets/Textures/Characters/Customer/Customer_Walk.aseprite
  artifactKey: Guid(fbc28d0bd770a144897132c2b46cab51) Importer(815301076,1909f56bfc062723c751e8b465ee728b)
Start importing Assets/Textures/Characters/Customer/Customer_Walk.aseprite using Guid(fbc28d0bd770a144897132c2b46cab51) Importer(815301076,1909f56bfc062723c751e8b465ee728b)  -> (artifact id: '90f1512530e590e7eb5a538e145130de') in 0.058367 seconds
Number of updated asset objects reloaded before import = 0
Number of asset objects unloaded after import = 23
Editor requested this worker to shutdown with reason: Scaling down because of idle timeout
TcpMessagingSession - receive error
AssetImportWorkerClient::OnTransportError - code=2 error=End of file
AssetImportWorker is now disconnected from the server
Process exiting
Exiting without the bug reporter. Application will terminate with return code 0